<?xml version="1.0" encoding="utf-8"?><testsuites name="pytest tests"><testsuite name="pytest" errors="0" failures="0" skipped="0" tests="27" time="2.853" timestamp="2026-05-12T16:42:56.642244+00:00" hostname="agent-env-181c7597-022a-4d8e-9f0b-a8c766a94b16"><testcase classname="backend.tests.backend_test.TestHealth" name="test_root" time="0.154" /><testcase classname="backend.tests.backend_test.TestPaymentMethods" name="test_defaults_exist" time="0.051" /><testcase classname="backend.tests.backend_test.TestPaymentMethods" name="test_crud" time="0.312" /><testcase classname="backend.tests.backend_test.TestProducts" name="test_create_with_auto_sku" time="0.056" /><testcase classname="backend.tests.backend_test.TestProducts" name="test_create_with_explicit_sku" time="0.053" /><testcase classname="backend.tests.backend_test.TestProducts" name="test_list_and_search" time="0.114" /><testcase classname="backend.tests.backend_test.TestProducts" name="test_update_product" time="0.050" /><testcase classname="backend.tests.backend_test.TestProducts" name="test_update_404" time="0.052" /><testcase classname="backend.tests.backend_test.TestProducts" name="test_delete_404" time="0.049" /><testcase classname="backend.tests.backend_test.TestPatients" name="test_create" time="0.054" /><testcase classname="backend.tests.backend_test.TestPatients" name="test_list_and_search" time="0.068" /><testcase classname="backend.tests.backend_test.TestPatients" name="test_update" time="0.055" /><testcase classname="backend.tests.backend_test.TestPatients" name="test_update_404" time="0.051" /><testcase classname="backend.tests.backend_test.TestAppointments" name="test_create_post_sale_date_plus_45" time="0.052" /><testcase classname="backend.tests.backend_test.TestAppointments" name="test_list_with_date_filter" time="0.050" /><testcase classname="backend.tests.backend_test.TestAppointments" name="test_update_recomputes_post_sale" time="0.049" /><testcase classname="backend.tests.backend_test.TestAppointments" name="test_mark_reminder_sent" time="0.103" /><testcase classname="backend.tests.backend_test.TestReminders" name="test_pending_in_window" time="0.158" /><testcase classname="backend.tests.backend_test.TestSales" name="test_invalid_payment_method" time="0.055" /><testcase classname="backend.tests.backend_test.TestSales" name="test_create_pix_sale_no_fee" time="0.371" /><testcase classname="backend.tests.backend_test.TestSales" name="test_create_credit_card_sale_with_fee" time="0.106" /><testcase classname="backend.tests.backend_test.TestSales" name="test_list_sales_filter_by_month" time="0.112" /><testcase classname="backend.tests.backend_test.TestSales" name="test_delete_sale_restores_stock" time="0.167" /><testcase classname="backend.tests.backend_test.TestSales" name="test_delete_sale_404" time="0.053" /><testcase classname="backend.tests.backend_test.TestDashboard" name="test_dashboard_structure" time="0.059" /><testcase classname="backend.tests.backend_test.TestReports" name="test_monthly_aggregation" time="0.260" /><testcase classname="backend.tests.backend_test.TestReports" name="test_monthly_requires_year" time="0.055" /></testsuite></testsuites>