<?xml version="1.0" encoding="utf-8"?><testsuites name="pytest tests"><testsuite name="pytest" errors="0" failures="0" skipped="0" tests="35" time="5.026" timestamp="2026-05-12T17:48:22.624412+00:00" hostname="agent-env-181c7597-022a-4d8e-9f0b-a8c766a94b16"><testcase classname="backend.tests.backend_test.TestHealth" name="test_root" time="0.329" /><testcase classname="backend.tests.backend_test.TestPaymentMethods" name="test_defaults_exist" time="0.081" /><testcase classname="backend.tests.backend_test.TestPaymentMethods" name="test_crud" time="0.382" /><testcase classname="backend.tests.backend_test.TestProducts" name="test_create_with_auto_sku" time="0.080" /><testcase classname="backend.tests.backend_test.TestProducts" name="test_create_with_explicit_sku" time="0.074" /><testcase classname="backend.tests.backend_test.TestProducts" name="test_list_and_search" time="0.161" /><testcase classname="backend.tests.backend_test.TestProducts" name="test_update_product" time="0.073" /><testcase classname="backend.tests.backend_test.TestProducts" name="test_update_404" time="0.074" /><testcase classname="backend.tests.backend_test.TestProducts" name="test_delete_404" time="0.094" /><testcase classname="backend.tests.backend_test.TestPatients" name="test_create" time="0.083" /><testcase classname="backend.tests.backend_test.TestPatients" name="test_list_and_search" time="0.077" /><testcase classname="backend.tests.backend_test.TestPatients" name="test_update" time="0.089" /><testcase classname="backend.tests.backend_test.TestPatients" name="test_update_404" time="0.083" /><testcase classname="backend.tests.backend_test.TestAppointments" name="test_create_post_sale_date_plus_45" time="0.091" /><testcase classname="backend.tests.backend_test.TestAppointments" name="test_list_with_date_filter" time="0.082" /><testcase classname="backend.tests.backend_test.TestAppointments" name="test_update_recomputes_post_sale" time="0.076" /><testcase classname="backend.tests.backend_test.TestAppointments" name="test_mark_reminder_sent" time="0.152" /><testcase classname="backend.tests.backend_test.TestReminders" name="test_pending_in_window" time="0.237" /><testcase classname="backend.tests.backend_test.TestSales" name="test_invalid_payment_method" time="0.079" /><testcase classname="backend.tests.backend_test.TestSales" name="test_create_pix_sale_no_fee" time="0.475" /><testcase classname="backend.tests.backend_test.TestSales" name="test_create_credit_card_sale_with_fee" time="0.154" /><testcase classname="backend.tests.backend_test.TestSales" name="test_list_sales_filter_by_month" time="0.158" /><testcase classname="backend.tests.backend_test.TestSales" name="test_delete_sale_restores_stock" time="0.223" /><testcase classname="backend.tests.backend_test.TestSales" name="test_delete_sale_404" time="0.074" /><testcase classname="backend.tests.backend_test.TestDashboard" name="test_dashboard_structure" time="0.075" /><testcase classname="backend.tests.backend_test.TestReports" name="test_monthly_aggregation" time="0.297" /><testcase classname="backend.tests.backend_test.TestReports" name="test_monthly_requires_year" time="0.071" /><testcase classname="backend.tests.backend_test.TestProcedures" name="test_create_procedure_with_calculations" time="0.079" /><testcase classname="backend.tests.backend_test.TestProcedures" name="test_manual_price_overrides_suggested" time="0.145" /><testcase classname="backend.tests.backend_test.TestProcedures" name="test_list_procedures_returns_calculated_fields" time="0.076" /><testcase classname="backend.tests.backend_test.TestProcedures" name="test_update_procedure_recalculates" time="0.142" /><testcase classname="backend.tests.backend_test.TestProcedures" name="test_update_404" time="0.075" /><testcase classname="backend.tests.backend_test.TestProcedures" name="test_delete_procedure" time="0.139" /><testcase classname="backend.tests.backend_test.TestProcedures" name="test_delete_404" time="0.075" /><testcase classname="backend.tests.backend_test.TestProcedures" name="test_empty_items_zero_costs" time="0.143" /></testsuite></testsuites>